<?xml version="1.0" encoding="UTF-8"?>
<!-- Generated by org.testng.reporters.JUnitReportReporter -->
<testsuite hostname="DESKTOP-43ASLO6" name="webdriver.Register__And_Login" tests="1" failures="0" timestamp="10 Aug 2020 09:22:58 GMT" time="19.765" errors="0">
  <testcase name="TC_01_Login_With_Empty_Email_And_Password" time="19.765" classname="webdriver.Register__And_Login"/>
</testsuite> <!-- webdriver.Register__And_Login -->
